0:0:0:0:0:0:0:1 - - [21/Jun/2022:16:13:21 +0800] "GET /nacos HTTP/1.1" 302 - 0 Mozilla/5.0 (Windows NT 10.0; Win64; x64) AppleWebKit/537.36 (KHTML, like Gecko) Chrome/102.0.5005.124 Safari/537.36 Edg/102.0.1245.44 -
0:0:0:0:0:0:0:1 - - [21/Jun/2022:16:13:22 +0800] "GET /nacos/ HTTP/1.1" 200 2624 649 Mozilla/5.0 (Windows NT 10.0; Win64; x64) AppleWebKit/537.36 (KHTML, like Gecko) Chrome/102.0.5005.124 Safari/537.36 Edg/102.0.1245.44 -
0:0:0:0:0:0:0:1 - - [21/Jun/2022:16:13:22 +0800] "GET /nacos/console-ui/public/css/bootstrap.css HTTP/1.1" 200 123294 46 Mozilla/5.0 (Windows NT 10.0; Win64; x64) AppleWebKit/537.36 (KHTML, like Gecko) Chrome/102.0.5005.124 Safari/537.36 Edg/102.0.1245.44 -
0:0:0:0:0:0:0:1 - - [21/Jun/2022:16:13:22 +0800] "GET /nacos/console-ui/public/css/console1412.css HTTP/1.1" 200 156959 28 Mozilla/5.0 (Windows NT 10.0; Win64; x64) AppleWebKit/537.36 (KHTML, like Gecko) Chrome/102.0.5005.124 Safari/537.36 Edg/102.0.1245.44 -
0:0:0:0:0:0:0:1 - - [21/Jun/2022:16:13:22 +0800] "GET /nacos/console-ui/public/css/codemirror.css HTTP/1.1" 200 8858 29 Mozilla/5.0 (Windows NT 10.0; Win64; x64) AppleWebKit/537.36 (KHTML, like Gecko) Chrome/102.0.5005.124 Safari/537.36 Edg/102.0.1245.44 -
0:0:0:0:0:0:0:1 - - [21/Jun/2022:16:13:23 +0800] "GET /nacos/console-ui/public/css/merge.css HTTP/1.1" 200 3866 21 Mozilla/5.0 (Windows NT 10.0; Win64; x64) AppleWebKit/537.36 (KHTML, like Gecko) Chrome/102.0.5005.124 Safari/537.36 Edg/102.0.1245.44 -
0:0:0:0:0:0:0:1 - - [21/Jun/2022:16:13:23 +0800] "GET /nacos/console-ui/public/css/icon.css HTTP/1.1" 200 5176 29 Mozilla/5.0 (Windows NT 10.0; Win64; x64) AppleWebKit/537.36 (KHTML, like Gecko) Chrome/102.0.5005.124 Safari/537.36 Edg/102.0.1245.44 -
0:0:0:0:0:0:0:1 - - [21/Jun/2022:16:13:23 +0800] "GET /nacos/console-ui/public/css/font-awesome.css HTTP/1.1" 200 33850 20 Mozilla/5.0 (Windows NT 10.0; Win64; x64) AppleWebKit/537.36 (KHTML, like Gecko) Chrome/102.0.5005.124 Safari/537.36 Edg/102.0.1245.44 -
0:0:0:0:0:0:0:1 - - [21/Jun/2022:16:13:23 +0800] "GET /nacos/console-ui/public/js/jquery.js HTTP/1.1" 200 89476 24 Mozilla/5.0 (Windows NT 10.0; Win64; x64) AppleWebKit/537.36 (KHTML, like Gecko) Chrome/102.0.5005.124 Safari/537.36 Edg/102.0.1245.44 -
0:0:0:0:0:0:0:1 - - [21/Jun/2022:16:13:23 +0800] "GET /nacos/css/main.css HTTP/1.1" 200 457357 65 Mozilla/5.0 (Windows NT 10.0; Win64; x64) AppleWebKit/537.36 (KHTML, like Gecko) Chrome/102.0.5005.124 Safari/537.36 Edg/102.0.1245.44 -
0:0:0:0:0:0:0:1 - - [21/Jun/2022:16:13:23 +0800] "GET /nacos/console-ui/public/js/codemirror.js HTTP/1.1" 200 366246 43 Mozilla/5.0 (Windows NT 10.0; Win64; x64) AppleWebKit/537.36 (KHTML, like Gecko) Chrome/102.0.5005.124 Safari/537.36 Edg/102.0.1245.44 -
0:0:0:0:0:0:0:1 - - [21/Jun/2022:16:13:23 +0800] "GET /nacos/console-ui/public/js/javascript.js HTTP/1.1" 200 32209 29 Mozilla/5.0 (Windows NT 10.0; Win64; x64) AppleWebKit/537.36 (KHTML, like Gecko) Chrome/102.0.5005.124 Safari/537.36 Edg/102.0.1245.44 -
0:0:0:0:0:0:0:1 - - [21/Jun/2022:16:13:23 +0800] "GET /nacos/console-ui/public/js/xml.js HTTP/1.1" 200 13059 15 Mozilla/5.0 (Windows NT 10.0; Win64; x64) AppleWebKit/537.36 (KHTML, like Gecko) Chrome/102.0.5005.124 Safari/537.36 Edg/102.0.1245.44 -
0:0:0:0:0:0:0:1 - - [21/Jun/2022:16:13:23 +0800] "GET /nacos/console-ui/public/js/codemirror.addone.fullscreen.js HTTP/1.1" 200 1983 15 Mozilla/5.0 (Windows NT 10.0; Win64; x64) AppleWebKit/537.36 (KHTML, like Gecko) Chrome/102.0.5005.124 Safari/537.36 Edg/102.0.1245.44 -
0:0:0:0:0:0:0:1 - - [21/Jun/2022:16:13:23 +0800] "GET /nacos/console-ui/public/js/codemirror.addone.lint.js HTTP/1.1" 200 8521 16 Mozilla/5.0 (Windows NT 10.0; Win64; x64) AppleWebKit/537.36 (KHTML, like Gecko) Chrome/102.0.5005.124 Safari/537.36 Edg/102.0.1245.44 -
0:0:0:0:0:0:0:1 - - [21/Jun/2022:16:13:24 +0800] "GET /nacos/console-ui/public/js/codemirror.lib.json-lint.js HTTP/1.1" 200 16798 16 Mozilla/5.0 (Windows NT 10.0; Win64; x64) AppleWebKit/537.36 (KHTML, like Gecko) Chrome/102.0.5005.124 Safari/537.36 Edg/102.0.1245.44 -
0:0:0:0:0:0:0:1 - - [21/Jun/2022:16:13:24 +0800] "GET /nacos/console-ui/public/js/codemirror.addone.json-lint.js HTTP/1.1" 200 1443 16 Mozilla/5.0 (Windows NT 10.0; Win64; x64) AppleWebKit/537.36 (KHTML, like Gecko) Chrome/102.0.5005.124 Safari/537.36 Edg/102.0.1245.44 -
0:0:0:0:0:0:0:1 - - [21/Jun/2022:16:13:24 +0800] "GET /nacos/console-ui/public/js/codemirror.lib.clike-lint.js HTTP/1.1" 200 31531 16 Mozilla/5.0 (Windows NT 10.0; Win64; x64) AppleWebKit/537.36 (KHTML, like Gecko) Chrome/102.0.5005.124 Safari/537.36 Edg/102.0.1245.44 -
0:0:0:0:0:0:0:1 - - [21/Jun/2022:16:13:24 +0800] "GET /nacos/console-ui/public/js/diff_match_patch.js HTTP/1.1" 200 19192 16 Mozilla/5.0 (Windows NT 10.0; Win64; x64) AppleWebKit/537.36 (KHTML, like Gecko) Chrome/102.0.5005.124 Safari/537.36 Edg/102.0.1245.44 -
0:0:0:0:0:0:0:1 - - [21/Jun/2022:16:13:24 +0800] "GET /nacos/console-ui/public/js/merge.js HTTP/1.1" 200 37883 18 Mozilla/5.0 (Windows NT 10.0; Win64; x64) AppleWebKit/537.36 (KHTML, like Gecko) Chrome/102.0.5005.124 Safari/537.36 Edg/102.0.1245.44 -
0:0:0:0:0:0:0:1 - - [21/Jun/2022:16:13:24 +0800] "GET /nacos/console-ui/public/js/loader.js HTTP/1.1" 200 28899 16 Mozilla/5.0 (Windows NT 10.0; Win64; x64) AppleWebKit/537.36 (KHTML, like Gecko) Chrome/102.0.5005.124 Safari/537.36 Edg/102.0.1245.44 -
0:0:0:0:0:0:0:1 - - [21/Jun/2022:16:13:24 +0800] "GET /nacos/js/main.js HTTP/1.1" 200 1459211 94 Mozilla/5.0 (Windows NT 10.0; Win64; x64) AppleWebKit/537.36 (KHTML, like Gecko) Chrome/102.0.5005.124 Safari/537.36 Edg/102.0.1245.44 -
0:0:0:0:0:0:0:1 - - [21/Jun/2022:16:13:24 +0800] "GET /nacos/console-ui/public/js/vs/editor/editor.main.js HTTP/1.1" 200 1824087 59 Mozilla/5.0 (Windows NT 10.0; Win64; x64) AppleWebKit/537.36 (KHTML, like Gecko) Chrome/102.0.5005.124 Safari/537.36 Edg/102.0.1245.44 -
0:0:0:0:0:0:0:1 - - [21/Jun/2022:16:13:24 +0800] "GET /nacos/img/logo-2000-390.svg HTTP/1.1" 200 2106 17 Mozilla/5.0 (Windows NT 10.0; Win64; x64) AppleWebKit/537.36 (KHTML, like Gecko) Chrome/102.0.5005.124 Safari/537.36 Edg/102.0.1245.44 -
0:0:0:0:0:0:0:1 - - [21/Jun/2022:16:13:24 +0800] "GET /nacos/v1/console/server/state?accessToken=&username= HTTP/1.1" 200 82 80 Mozilla/5.0 (Windows NT 10.0; Win64; x64) AppleWebKit/537.36 (KHTML, like Gecko) Chrome/102.0.5005.124 Safari/537.36 Edg/102.0.1245.44 -
0:0:0:0:0:0:0:1 - - [21/Jun/2022:16:13:25 +0800] "GET /nacos/img/black_dot.png HTTP/1.1" 200 114 14 Mozilla/5.0 (Windows NT 10.0; Win64; x64) AppleWebKit/537.36 (KHTML, like Gecko) Chrome/102.0.5005.124 Safari/537.36 Edg/102.0.1245.44 -
0:0:0:0:0:0:0:1 - - [21/Jun/2022:16:13:25 +0800] "GET /nacos/img/nacos.png HTTP/1.1" 200 3588 8 Mozilla/5.0 (Windows NT 10.0; Win64; x64) AppleWebKit/537.36 (KHTML, like Gecko) Chrome/102.0.5005.124 Safari/537.36 Edg/102.0.1245.44 -
0:0:0:0:0:0:0:1 - - [21/Jun/2022:16:13:25 +0800] "GET /nacos/console-ui/public/js/vs/editor/editor.main.css HTTP/1.1" 200 172199 18 Mozilla/5.0 (Windows NT 10.0; Win64; x64) AppleWebKit/537.36 (KHTML, like Gecko) Chrome/102.0.5005.124 Safari/537.36 Edg/102.0.1245.44 -
0:0:0:0:0:0:0:1 - - [21/Jun/2022:16:13:25 +0800] "GET /nacos/console-ui/public/js/vs/editor/editor.main.nls.zh-cn.js HTTP/1.1" 200 22864 15 Mozilla/5.0 (Windows NT 10.0; Win64; x64) AppleWebKit/537.36 (KHTML, like Gecko) Chrome/102.0.5005.124 Safari/537.36 Edg/102.0.1245.44 -
0:0:0:0:0:0:0:1 - - [21/Jun/2022:16:13:26 +0800] "GET /nacos/console-ui/public/img/favicon.ico HTTP/1.1" 200 4286 25 Mozilla/5.0 (Windows NT 10.0; Win64; x64) AppleWebKit/537.36 (KHTML, like Gecko) Chrome/102.0.5005.124 Safari/537.36 Edg/102.0.1245.44 -
0:0:0:0:0:0:0:1 - - [21/Jun/2022:16:13:36 +0800] "POST /nacos/v1/auth/users/login HTTP/1.1" 200 192 315 Mozilla/5.0 (Windows NT 10.0; Win64; x64) AppleWebKit/537.36 (KHTML, like Gecko) Chrome/102.0.5005.124 Safari/537.36 Edg/102.0.1245.44 -
0:0:0:0:0:0:0:1 - - [21/Jun/2022:16:13:36 +0800] "GET /nacos/v1/console/namespaces?&accessToken=eyJhbGciOiJIUzI1NiJ9.eyJzdWIiOiJuYWNvcyIsImV4cCI6MTY1NTgxNzIxNn0.NykzKH_REwMPMByTUgPVud-epiPjigLapdXe2oZ1gtU&username=nacos&namespaceId= HTTP/1.1" 200 364 64 Mozilla/5.0 (Windows NT 10.0; Win64; x64) AppleWebKit/537.36 (KHTML, like Gecko) Chrome/102.0.5005.124 Safari/537.36 Edg/102.0.1245.44 -
0:0:0:0:0:0:0:1 - - [21/Jun/2022:16:13:36 +0800] "GET /nacos/v1/console/server/state?accessToken=eyJhbGciOiJIUzI1NiJ9.eyJzdWIiOiJuYWNvcyIsImV4cCI6MTY1NTgxNzIxNn0.NykzKH_REwMPMByTUgPVud-epiPjigLapdXe2oZ1gtU&username=nacos HTTP/1.1" 200 82 7 Mozilla/5.0 (Windows NT 10.0; Win64; x64) AppleWebKit/537.36 (KHTML, like Gecko) Chrome/102.0.5005.124 Safari/537.36 Edg/102.0.1245.44 -
0:0:0:0:0:0:0:1 - - [21/Jun/2022:16:13:36 +0800] "GET /nacos/console-ui/public/icons/icon-font.woff2 HTTP/1.1" 200 4368 12 Mozilla/5.0 (Windows NT 10.0; Win64; x64) AppleWebKit/537.36 (KHTML, like Gecko) Chrome/102.0.5005.124 Safari/537.36 Edg/102.0.1245.44 -
0:0:0:0:0:0:0:1 - - [21/Jun/2022:16:13:36 +0800] "GET /nacos/v1/cs/configs?dataId=&group=&appName=&config_tags=&pageNo=1&pageSize=10&tenant=&search=accurate&accessToken=eyJhbGciOiJIUzI1NiJ9.eyJzdWIiOiJuYWNvcyIsImV4cCI6MTY1NTgxNzIxNn0.NykzKH_REwMPMByTUgPVud-epiPjigLapdXe2oZ1gtU&username=nacos HTTP/1.1" 200 1059 105 Mozilla/5.0 (Windows NT 10.0; Win64; x64) AppleWebKit/537.36 (KHTML, like Gecko) Chrome/102.0.5005.124 Safari/537.36 Edg/102.0.1245.44 -
0:0:0:0:0:0:0:1 - - [21/Jun/2022:16:13:39 +0800] "GET /nacos/v1/core/cluster/nodes?withInstances=false&pageNo=1&pageSize=10&keyword=&accessToken=eyJhbGciOiJIUzI1NiJ9.eyJzdWIiOiJuYWNvcyIsImV4cCI6MTY1NTgxNzIxNn0.NykzKH_REwMPMByTUgPVud-epiPjigLapdXe2oZ1gtU&username=nacos&namespaceId= HTTP/1.1" 200 227 33 Mozilla/5.0 (Windows NT 10.0; Win64; x64) AppleWebKit/537.36 (KHTML, like Gecko) Chrome/102.0.5005.124 Safari/537.36 Edg/102.0.1245.44 -
