2022-06-22 15:27:41,160 INFO notifyConnectTimeout:200

2022-06-22 15:27:41,309 INFO notifySocketTimeout:8000

2022-06-22 15:27:41,310 INFO isHealthCheck:true

2022-06-22 15:27:41,310 INFO maxHealthCheckFailCount:12

2022-06-22 15:27:41,310 INFO maxContent:10485760

2022-06-22 15:28:06,634 WARN DumpService start

2022-06-22 15:28:06,700 INFO start clear all config-info.

2022-06-22 15:28:06,845 INFO clear all config-info success.

2022-06-22 15:28:06,846 WARN clear all config-info-tenant failed.

2022-06-22 15:28:07,043 INFO [all-dump] 3 / 3

2022-06-22 15:28:07,044 INFO start clear all config-info-beta.

2022-06-22 15:28:07,044 WARN clear all config-info-beta failed.

2022-06-22 15:28:07,044 WARN clear all config-info-beta-tenant failed.

2022-06-22 15:28:07,079 INFO start clear all config-info-tag.

2022-06-22 15:28:07,079 WARN clear all config-info-tag failed.

2022-06-22 15:28:07,079 WARN clear all config-info-tag-tenant failed.

2022-06-22 15:28:07,161 WARN initialDelay:81

2022-06-22 15:34:47,814 INFO notifyConnectTimeout:200

2022-06-22 15:34:47,829 INFO notifySocketTimeout:8000

2022-06-22 15:34:47,829 INFO isHealthCheck:true

2022-06-22 15:34:47,829 INFO maxHealthCheckFailCount:12

2022-06-22 15:34:47,829 INFO maxContent:10485760

2022-06-22 15:35:07,525 WARN DumpService start

2022-06-22 15:35:07,900 INFO start clear all config-info.

2022-06-22 15:35:07,932 INFO clear all config-info success.

2022-06-22 15:35:07,932 WARN clear all config-info-tenant failed.

2022-06-22 15:35:08,197 INFO [all-dump] 3 / 3

2022-06-22 15:35:08,197 INFO start clear all config-info-beta.

2022-06-22 15:35:08,197 WARN clear all config-info-beta failed.

2022-06-22 15:35:08,197 WARN clear all config-info-beta-tenant failed.

2022-06-22 15:35:08,229 INFO start clear all config-info-tag.

2022-06-22 15:35:08,229 WARN clear all config-info-tag failed.

2022-06-22 15:35:08,244 WARN clear all config-info-tag-tenant failed.

2022-06-22 15:35:08,322 WARN initialDelay:151

