2022-06-22 15:28:00,137 INFO Initializes the Raft protocol, raft-config info : {}

2022-06-22 15:28:00,798 INFO ========= The raft protocol is starting... =========

2022-06-22 15:28:02,416 INFO ========= The raft protocol start finished... =========

2022-06-22 15:28:02,429 INFO create raft group : naming_persistent_service

2022-06-22 15:28:17,957 ERROR Fail to refresh leader for group : naming_persistent_service, status is : Status[UNKNOWN<-1>: io.grpc.StatusRuntimeException: DEADLINE_EXCEEDED: deadline exceeded after 4999765200ns. [buffered_nanos=5000121600, waiting_for_connection], io.grpc.StatusRuntimeException: DEADLINE_EXCEEDED: deadline exceeded after 4999851500ns. [buffered_nanos=5000706800, waiting_for_connection], Unknown leader]

2022-06-22 15:28:26,093 ERROR Fail to refresh raft metadata info for group : naming_persistent_service, error is : {}

java.util.concurrent.TimeoutException: null
	at com.alipay.sofa.jraft.rpc.impl.FutureImpl.get(FutureImpl.java:214)
	at com.alipay.sofa.jraft.RouteTable.refreshLeader(RouteTable.java:255)
	at com.alipay.sofa.jraft.RouteTable.refreshConfiguration(RouteTable.java:299)
	at com.alibaba.nacos.core.distributed.raft.JRaftServer.refreshRouteTable(JRaftServer.java:505)
	at com.alibaba.nacos.core.distributed.raft.JRaftServer.lambda$createMultiRaftGroup$1(JRaftServer.java:277)
	at java.util.concurrent.Executors$RunnableAdapter.call(Executors.java:511)
	at java.util.concurrent.FutureTask.runAndReset(FutureTask.java:308)
	at java.util.concurrent.ScheduledThreadPoolExecutor$ScheduledFutureTask.access$301(ScheduledThreadPoolExecutor.java:180)
	at java.util.concurrent.ScheduledThreadPoolExecutor$ScheduledFutureTask.run(ScheduledThreadPoolExecutor.java:294)
	at java.util.concurrent.ThreadPoolExecutor.runWorker(ThreadPoolExecutor.java:1149)
	at java.util.concurrent.ThreadPoolExecutor$Worker.run(ThreadPoolExecutor.java:624)
	at java.lang.Thread.run(Thread.java:748)
2022-06-22 15:28:36,120 ERROR Fail to refresh raft metadata info for group : naming_persistent_service, error is : {}

java.util.concurrent.TimeoutException: null
	at com.alipay.sofa.jraft.rpc.impl.FutureImpl.get(FutureImpl.java:214)
	at com.alipay.sofa.jraft.RouteTable.refreshLeader(RouteTable.java:255)
	at com.alibaba.nacos.core.distributed.raft.JRaftServer.refreshRouteTable(JRaftServer.java:501)
	at com.alibaba.nacos.core.distributed.raft.JRaftServer.lambda$createMultiRaftGroup$1(JRaftServer.java:277)
	at java.util.concurrent.Executors$RunnableAdapter.call(Executors.java:511)
	at java.util.concurrent.FutureTask.runAndReset(FutureTask.java:308)
	at java.util.concurrent.ScheduledThreadPoolExecutor$ScheduledFutureTask.access$301(ScheduledThreadPoolExecutor.java:180)
	at java.util.concurrent.ScheduledThreadPoolExecutor$ScheduledFutureTask.run(ScheduledThreadPoolExecutor.java:294)
	at java.util.concurrent.ThreadPoolExecutor.runWorker(ThreadPoolExecutor.java:1149)
	at java.util.concurrent.ThreadPoolExecutor$Worker.run(ThreadPoolExecutor.java:624)
	at java.lang.Thread.run(Thread.java:748)
2022-06-22 15:28:46,139 ERROR Fail to refresh raft metadata info for group : naming_persistent_service, error is : {}

java.util.concurrent.TimeoutException: null
	at com.alipay.sofa.jraft.rpc.impl.FutureImpl.get(FutureImpl.java:214)
	at com.alipay.sofa.jraft.RouteTable.refreshLeader(RouteTable.java:255)
	at com.alibaba.nacos.core.distributed.raft.JRaftServer.refreshRouteTable(JRaftServer.java:501)
	at com.alibaba.nacos.core.distributed.raft.JRaftServer.lambda$createMultiRaftGroup$1(JRaftServer.java:277)
	at java.util.concurrent.Executors$RunnableAdapter.call(Executors.java:511)
	at java.util.concurrent.FutureTask.runAndReset(FutureTask.java:308)
	at java.util.concurrent.ScheduledThreadPoolExecutor$ScheduledFutureTask.access$301(ScheduledThreadPoolExecutor.java:180)
	at java.util.concurrent.ScheduledThreadPoolExecutor$ScheduledFutureTask.run(ScheduledThreadPoolExecutor.java:294)
	at java.util.concurrent.ThreadPoolExecutor.runWorker(ThreadPoolExecutor.java:1149)
	at java.util.concurrent.ThreadPoolExecutor$Worker.run(ThreadPoolExecutor.java:624)
	at java.lang.Thread.run(Thread.java:748)
2022-06-22 15:28:47,139 ERROR Fail to refresh leader for group : naming_persistent_service, status is : Status[UNKNOWN<-1>: io.grpc.StatusRuntimeException: UNAVAILABLE: io exception, io.grpc.StatusRuntimeException: UNAVAILABLE: io exception, Unknown leader]

2022-06-22 15:28:57,153 ERROR Fail to refresh raft metadata info for group : naming_persistent_service, error is : {}

java.util.concurrent.TimeoutException: null
	at com.alipay.sofa.jraft.rpc.impl.FutureImpl.get(FutureImpl.java:214)
	at com.alipay.sofa.jraft.RouteTable.refreshLeader(RouteTable.java:255)
	at com.alipay.sofa.jraft.RouteTable.refreshConfiguration(RouteTable.java:299)
	at com.alibaba.nacos.core.distributed.raft.JRaftServer.refreshRouteTable(JRaftServer.java:505)
	at com.alibaba.nacos.core.distributed.raft.JRaftServer.lambda$createMultiRaftGroup$1(JRaftServer.java:277)
	at java.util.concurrent.Executors$RunnableAdapter.call(Executors.java:511)
	at java.util.concurrent.FutureTask.runAndReset(FutureTask.java:308)
	at java.util.concurrent.ScheduledThreadPoolExecutor$ScheduledFutureTask.access$301(ScheduledThreadPoolExecutor.java:180)
	at java.util.concurrent.ScheduledThreadPoolExecutor$ScheduledFutureTask.run(ScheduledThreadPoolExecutor.java:294)
	at java.util.concurrent.ThreadPoolExecutor.runWorker(ThreadPoolExecutor.java:1149)
	at java.util.concurrent.ThreadPoolExecutor$Worker.run(ThreadPoolExecutor.java:624)
	at java.lang.Thread.run(Thread.java:748)
2022-06-22 15:29:07,171 ERROR Fail to refresh raft metadata info for group : naming_persistent_service, error is : {}

java.util.concurrent.TimeoutException: null
	at com.alipay.sofa.jraft.rpc.impl.FutureImpl.get(FutureImpl.java:214)
	at com.alipay.sofa.jraft.RouteTable.refreshLeader(RouteTable.java:255)
	at com.alibaba.nacos.core.distributed.raft.JRaftServer.refreshRouteTable(JRaftServer.java:501)
	at com.alibaba.nacos.core.distributed.raft.JRaftServer.lambda$createMultiRaftGroup$1(JRaftServer.java:277)
	at java.util.concurrent.Executors$RunnableAdapter.call(Executors.java:511)
	at java.util.concurrent.FutureTask.runAndReset(FutureTask.java:308)
	at java.util.concurrent.ScheduledThreadPoolExecutor$ScheduledFutureTask.access$301(ScheduledThreadPoolExecutor.java:180)
	at java.util.concurrent.ScheduledThreadPoolExecutor$ScheduledFutureTask.run(ScheduledThreadPoolExecutor.java:294)
	at java.util.concurrent.ThreadPoolExecutor.runWorker(ThreadPoolExecutor.java:1149)
	at java.util.concurrent.ThreadPoolExecutor$Worker.run(ThreadPoolExecutor.java:624)
	at java.lang.Thread.run(Thread.java:748)
2022-06-22 15:29:08,180 ERROR Fail to refresh leader for group : naming_persistent_service, status is : Status[UNKNOWN<-1>: io.grpc.StatusRuntimeException: UNAVAILABLE: io exception, io.grpc.StatusRuntimeException: UNAVAILABLE: io exception, Unknown leader]

2022-06-22 15:29:18,207 ERROR Fail to refresh raft metadata info for group : naming_persistent_service, error is : {}

java.util.concurrent.TimeoutException: null
	at com.alipay.sofa.jraft.rpc.impl.FutureImpl.get(FutureImpl.java:214)
	at com.alipay.sofa.jraft.RouteTable.refreshLeader(RouteTable.java:255)
	at com.alipay.sofa.jraft.RouteTable.refreshConfiguration(RouteTable.java:299)
	at com.alibaba.nacos.core.distributed.raft.JRaftServer.refreshRouteTable(JRaftServer.java:505)
	at com.alibaba.nacos.core.distributed.raft.JRaftServer.lambda$createMultiRaftGroup$1(JRaftServer.java:277)
	at java.util.concurrent.Executors$RunnableAdapter.call(Executors.java:511)
	at java.util.concurrent.FutureTask.runAndReset(FutureTask.java:308)
	at java.util.concurrent.ScheduledThreadPoolExecutor$ScheduledFutureTask.access$301(ScheduledThreadPoolExecutor.java:180)
	at java.util.concurrent.ScheduledThreadPoolExecutor$ScheduledFutureTask.run(ScheduledThreadPoolExecutor.java:294)
	at java.util.concurrent.ThreadPoolExecutor.runWorker(ThreadPoolExecutor.java:1149)
	at java.util.concurrent.ThreadPoolExecutor$Worker.run(ThreadPoolExecutor.java:624)
	at java.lang.Thread.run(Thread.java:748)
2022-06-22 15:29:28,241 ERROR Fail to refresh leader for group : naming_persistent_service, status is : Status[UNKNOWN<-1>: io.grpc.StatusRuntimeException: DEADLINE_EXCEEDED: deadline exceeded after 4999833100ns. [buffered_nanos=5001166700, waiting_for_connection], io.grpc.StatusRuntimeException: DEADLINE_EXCEEDED: deadline exceeded after 4999202700ns. [buffered_nanos=4999770900, waiting_for_connection], Unknown leader]

2022-06-22 15:29:29,237 ERROR Fail to refresh route configuration for group : naming_persistent_service, status is : Status[UNKNOWN<-1>: Fail to get leader of group naming_persistent_service]

2022-06-22 15:29:39,289 ERROR Fail to refresh leader for group : naming_persistent_service, status is : Status[UNKNOWN<-1>: io.grpc.StatusRuntimeException: DEADLINE_EXCEEDED: deadline exceeded after 4999801900ns. [buffered_nanos=4999851400, waiting_for_connection], io.grpc.StatusRuntimeException: DEADLINE_EXCEEDED: deadline exceeded after 4999901500ns. [buffered_nanos=5008409900, waiting_for_connection], Unknown leader]

2022-06-22 15:29:49,307 ERROR Fail to refresh route configuration for group : naming_persistent_service, status is : Status[UNKNOWN<-1>: Fail to get leader of group naming_persistent_service]

2022-06-22 15:29:50,229 ERROR Fail to refresh leader for group : naming_persistent_service, status is : Status[UNKNOWN<-1>: io.grpc.StatusRuntimeException: UNAVAILABLE: io exception, io.grpc.StatusRuntimeException: UNAVAILABLE: io exception, Unknown leader]

2022-06-22 15:30:00,292 ERROR Fail to refresh raft metadata info for group : naming_persistent_service, error is : {}

java.util.concurrent.TimeoutException: null
	at com.alipay.sofa.jraft.rpc.impl.FutureImpl.get(FutureImpl.java:214)
	at com.alipay.sofa.jraft.RouteTable.refreshLeader(RouteTable.java:255)
	at com.alipay.sofa.jraft.RouteTable.refreshConfiguration(RouteTable.java:299)
	at com.alibaba.nacos.core.distributed.raft.JRaftServer.refreshRouteTable(JRaftServer.java:505)
	at com.alibaba.nacos.core.distributed.raft.JRaftServer.lambda$createMultiRaftGroup$1(JRaftServer.java:277)
	at java.util.concurrent.Executors$RunnableAdapter.call(Executors.java:511)
	at java.util.concurrent.FutureTask.runAndReset(FutureTask.java:308)
	at java.util.concurrent.ScheduledThreadPoolExecutor$ScheduledFutureTask.access$301(ScheduledThreadPoolExecutor.java:180)
	at java.util.concurrent.ScheduledThreadPoolExecutor$ScheduledFutureTask.run(ScheduledThreadPoolExecutor.java:294)
	at java.util.concurrent.ThreadPoolExecutor.runWorker(ThreadPoolExecutor.java:1149)
	at java.util.concurrent.ThreadPoolExecutor$Worker.run(ThreadPoolExecutor.java:624)
	at java.lang.Thread.run(Thread.java:748)
2022-06-22 15:30:10,327 ERROR Fail to refresh raft metadata info for group : naming_persistent_service, error is : {}

java.util.concurrent.TimeoutException: null
	at com.alipay.sofa.jraft.rpc.impl.FutureImpl.get(FutureImpl.java:214)
	at com.alipay.sofa.jraft.RouteTable.refreshLeader(RouteTable.java:255)
	at com.alibaba.nacos.core.distributed.raft.JRaftServer.refreshRouteTable(JRaftServer.java:501)
	at com.alibaba.nacos.core.distributed.raft.JRaftServer.lambda$createMultiRaftGroup$1(JRaftServer.java:277)
	at java.util.concurrent.Executors$RunnableAdapter.call(Executors.java:511)
	at java.util.concurrent.FutureTask.runAndReset(FutureTask.java:308)
	at java.util.concurrent.ScheduledThreadPoolExecutor$ScheduledFutureTask.access$301(ScheduledThreadPoolExecutor.java:180)
	at java.util.concurrent.ScheduledThreadPoolExecutor$ScheduledFutureTask.run(ScheduledThreadPoolExecutor.java:294)
	at java.util.concurrent.ThreadPoolExecutor.runWorker(ThreadPoolExecutor.java:1149)
	at java.util.concurrent.ThreadPoolExecutor$Worker.run(ThreadPoolExecutor.java:624)
	at java.lang.Thread.run(Thread.java:748)
2022-06-22 15:30:11,280 ERROR Fail to refresh leader for group : naming_persistent_service, status is : Status[UNKNOWN<-1>: io.grpc.StatusRuntimeException: UNAVAILABLE: io exception, io.grpc.StatusRuntimeException: UNAVAILABLE: io exception, Unknown leader]

2022-06-22 15:30:21,311 ERROR Fail to refresh raft metadata info for group : naming_persistent_service, error is : {}

java.util.concurrent.TimeoutException: null
	at com.alipay.sofa.jraft.rpc.impl.FutureImpl.get(FutureImpl.java:214)
	at com.alipay.sofa.jraft.RouteTable.refreshLeader(RouteTable.java:255)
	at com.alipay.sofa.jraft.RouteTable.refreshConfiguration(RouteTable.java:299)
	at com.alibaba.nacos.core.distributed.raft.JRaftServer.refreshRouteTable(JRaftServer.java:505)
	at com.alibaba.nacos.core.distributed.raft.JRaftServer.lambda$createMultiRaftGroup$1(JRaftServer.java:277)
	at java.util.concurrent.Executors$RunnableAdapter.call(Executors.java:511)
	at java.util.concurrent.FutureTask.runAndReset(FutureTask.java:308)
	at java.util.concurrent.ScheduledThreadPoolExecutor$ScheduledFutureTask.access$301(ScheduledThreadPoolExecutor.java:180)
	at java.util.concurrent.ScheduledThreadPoolExecutor$ScheduledFutureTask.run(ScheduledThreadPoolExecutor.java:294)
	at java.util.concurrent.ThreadPoolExecutor.runWorker(ThreadPoolExecutor.java:1149)
	at java.util.concurrent.ThreadPoolExecutor$Worker.run(ThreadPoolExecutor.java:624)
	at java.lang.Thread.run(Thread.java:748)
2022-06-22 15:30:31,337 ERROR Fail to refresh leader for group : naming_persistent_service, status is : Status[UNKNOWN<-1>: io.grpc.StatusRuntimeException: DEADLINE_EXCEEDED: deadline exceeded after 4999877100ns. [buffered_nanos=5012979100, waiting_for_connection], io.grpc.StatusRuntimeException: DEADLINE_EXCEEDED: deadline exceeded after 4999108900ns. [buffered_nanos=4999957700, waiting_for_connection], Unknown leader]

2022-06-22 15:30:32,329 ERROR Fail to refresh route configuration for group : naming_persistent_service, status is : Status[UNKNOWN<-1>: Fail to get leader of group naming_persistent_service]

2022-06-22 15:30:42,373 ERROR Fail to refresh raft metadata info for group : naming_persistent_service, error is : {}

java.util.concurrent.TimeoutException: null
	at com.alipay.sofa.jraft.rpc.impl.FutureImpl.get(FutureImpl.java:214)
	at com.alipay.sofa.jraft.RouteTable.refreshLeader(RouteTable.java:255)
	at com.alibaba.nacos.core.distributed.raft.JRaftServer.refreshRouteTable(JRaftServer.java:501)
	at com.alibaba.nacos.core.distributed.raft.JRaftServer.lambda$createMultiRaftGroup$1(JRaftServer.java:277)
	at java.util.concurrent.Executors$RunnableAdapter.call(Executors.java:511)
	at java.util.concurrent.FutureTask.runAndReset(FutureTask.java:308)
	at java.util.concurrent.ScheduledThreadPoolExecutor$ScheduledFutureTask.access$301(ScheduledThreadPoolExecutor.java:180)
	at java.util.concurrent.ScheduledThreadPoolExecutor$ScheduledFutureTask.run(ScheduledThreadPoolExecutor.java:294)
	at java.util.concurrent.ThreadPoolExecutor.runWorker(ThreadPoolExecutor.java:1149)
	at java.util.concurrent.ThreadPoolExecutor$Worker.run(ThreadPoolExecutor.java:624)
	at java.lang.Thread.run(Thread.java:748)
2022-06-22 15:30:52,383 ERROR Fail to refresh raft metadata info for group : naming_persistent_service, error is : {}

java.util.concurrent.TimeoutException: null
	at com.alipay.sofa.jraft.rpc.impl.FutureImpl.get(FutureImpl.java:214)
	at com.alipay.sofa.jraft.RouteTable.refreshLeader(RouteTable.java:255)
	at com.alibaba.nacos.core.distributed.raft.JRaftServer.refreshRouteTable(JRaftServer.java:501)
	at com.alibaba.nacos.core.distributed.raft.JRaftServer.lambda$createMultiRaftGroup$1(JRaftServer.java:277)
	at java.util.concurrent.Executors$RunnableAdapter.call(Executors.java:511)
	at java.util.concurrent.FutureTask.runAndReset(FutureTask.java:308)
	at java.util.concurrent.ScheduledThreadPoolExecutor$ScheduledFutureTask.access$301(ScheduledThreadPoolExecutor.java:180)
	at java.util.concurrent.ScheduledThreadPoolExecutor$ScheduledFutureTask.run(ScheduledThreadPoolExecutor.java:294)
	at java.util.concurrent.ThreadPoolExecutor.runWorker(ThreadPoolExecutor.java:1149)
	at java.util.concurrent.ThreadPoolExecutor$Worker.run(ThreadPoolExecutor.java:624)
	at java.lang.Thread.run(Thread.java:748)
2022-06-22 15:30:53,361 ERROR Fail to refresh leader for group : naming_persistent_service, status is : Status[UNKNOWN<-1>: io.grpc.StatusRuntimeException: UNAVAILABLE: io exception, io.grpc.StatusRuntimeException: UNAVAILABLE: io exception, Unknown leader]

2022-06-22 15:30:53,361 ERROR Fail to refresh route configuration for group : naming_persistent_service, status is : Status[UNKNOWN<-1>: Fail to get leader of group naming_persistent_service]

2022-06-22 15:30:53,376 ERROR Fail to refresh leader for group : naming_persistent_service, status is : Status[UNKNOWN<-1>: Fail to init channel to 192.168.1.106:7848, Fail to init channel to 192.168.1.106:7847, Unknown leader]

2022-06-22 15:30:53,376 ERROR Fail to refresh route configuration for group : naming_persistent_service, status is : Status[UNKNOWN<-1>: Fail to get leader of group naming_persistent_service]

2022-06-22 15:30:53,376 ERROR Fail to refresh leader for group : naming_persistent_service, status is : Status[UNKNOWN<-1>: Fail to init channel to 192.168.1.106:7848, Fail to init channel to 192.168.1.106:7847, Unknown leader]

2022-06-22 15:30:53,392 ERROR Fail to refresh route configuration for group : naming_persistent_service, status is : Status[UNKNOWN<-1>: Fail to get leader of group naming_persistent_service]

2022-06-22 15:30:53,392 ERROR Fail to refresh leader for group : naming_persistent_service, status is : Status[UNKNOWN<-1>: Fail to init channel to 192.168.1.106:7848, Fail to init channel to 192.168.1.106:7847, Unknown leader]

2022-06-22 15:30:53,392 ERROR Fail to refresh route configuration for group : naming_persistent_service, status is : Status[UNKNOWN<-1>: Fail to get leader of group naming_persistent_service]

2022-06-22 15:30:53,408 ERROR Fail to refresh leader for group : naming_persistent_service, status is : Status[UNKNOWN<-1>: Fail to init channel to 192.168.1.106:7848, Fail to init channel to 192.168.1.106:7847, Unknown leader]

2022-06-22 15:30:53,408 ERROR Fail to refresh route configuration for group : naming_persistent_service, status is : Status[UNKNOWN<-1>: Fail to get leader of group naming_persistent_service]

2022-06-22 15:30:53,408 ERROR Fail to refresh leader for group : naming_persistent_service, status is : Status[UNKNOWN<-1>: Fail to init channel to 192.168.1.106:7848, Fail to init channel to 192.168.1.106:7847, Unknown leader]

2022-06-22 15:30:53,408 ERROR Fail to refresh route configuration for group : naming_persistent_service, status is : Status[UNKNOWN<-1>: Fail to get leader of group naming_persistent_service]

2022-06-22 15:30:53,423 ERROR Fail to refresh leader for group : naming_persistent_service, status is : Status[UNKNOWN<-1>: Fail to init channel to 192.168.1.106:7848, Fail to init channel to 192.168.1.106:7847, Unknown leader]

2022-06-22 15:30:53,423 ERROR Fail to refresh route configuration for group : naming_persistent_service, status is : Status[UNKNOWN<-1>: Fail to get leader of group naming_persistent_service]

2022-06-22 15:30:53,423 ERROR Fail to refresh leader for group : naming_persistent_service, status is : Status[UNKNOWN<-1>: Fail to init channel to 192.168.1.106:7848, Fail to init channel to 192.168.1.106:7847, Unknown leader]

2022-06-22 15:30:53,423 ERROR Fail to refresh route configuration for group : naming_persistent_service, status is : Status[UNKNOWN<-1>: Fail to get leader of group naming_persistent_service]

2022-06-22 15:30:53,439 ERROR Fail to refresh leader for group : naming_persistent_service, status is : Status[UNKNOWN<-1>: Fail to init channel to 192.168.1.106:7848, Fail to init channel to 192.168.1.106:7847, Unknown leader]

2022-06-22 15:30:53,439 ERROR Fail to refresh route configuration for group : naming_persistent_service, status is : Status[UNKNOWN<-1>: Fail to get leader of group naming_persistent_service]

2022-06-22 15:30:53,439 ERROR Fail to refresh leader for group : naming_persistent_service, status is : Status[UNKNOWN<-1>: Fail to init channel to 192.168.1.106:7848, Fail to init channel to 192.168.1.106:7847, Unknown leader]

2022-06-22 15:30:53,439 ERROR Fail to refresh route configuration for group : naming_persistent_service, status is : Status[UNKNOWN<-1>: Fail to get leader of group naming_persistent_service]

2022-06-22 15:30:53,439 ERROR Fail to refresh leader for group : naming_persistent_service, status is : Status[UNKNOWN<-1>: Fail to init channel to 192.168.1.106:7848, Fail to init channel to 192.168.1.106:7847, Unknown leader]

2022-06-22 15:30:55,473 ERROR Fail to refresh route configuration for group : naming_persistent_service, status is : Status[UNKNOWN<-1>: Fail to get leader of group naming_persistent_service]

2022-06-22 15:31:05,486 ERROR Fail to refresh raft metadata info for group : naming_persistent_service, error is : {}

java.util.concurrent.TimeoutException: null
	at com.alipay.sofa.jraft.rpc.impl.FutureImpl.get(FutureImpl.java:214)
	at com.alipay.sofa.jraft.RouteTable.refreshLeader(RouteTable.java:255)
	at com.alibaba.nacos.core.distributed.raft.JRaftServer.refreshRouteTable(JRaftServer.java:501)
	at com.alibaba.nacos.core.distributed.raft.JRaftServer.lambda$createMultiRaftGroup$1(JRaftServer.java:277)
	at java.util.concurrent.Executors$RunnableAdapter.call(Executors.java:511)
	at java.util.concurrent.FutureTask.runAndReset(FutureTask.java:308)
	at java.util.concurrent.ScheduledThreadPoolExecutor$ScheduledFutureTask.access$301(ScheduledThreadPoolExecutor.java:180)
	at java.util.concurrent.ScheduledThreadPoolExecutor$ScheduledFutureTask.run(ScheduledThreadPoolExecutor.java:294)
	at java.util.concurrent.ThreadPoolExecutor.runWorker(ThreadPoolExecutor.java:1149)
	at java.util.concurrent.ThreadPoolExecutor$Worker.run(ThreadPoolExecutor.java:624)
	at java.lang.Thread.run(Thread.java:748)
2022-06-22 15:31:15,514 ERROR Fail to refresh raft metadata info for group : naming_persistent_service, error is : {}

java.util.concurrent.TimeoutException: null
	at com.alipay.sofa.jraft.rpc.impl.FutureImpl.get(FutureImpl.java:214)
	at com.alipay.sofa.jraft.RouteTable.refreshLeader(RouteTable.java:255)
	at com.alibaba.nacos.core.distributed.raft.JRaftServer.refreshRouteTable(JRaftServer.java:501)
	at com.alibaba.nacos.core.distributed.raft.JRaftServer.lambda$createMultiRaftGroup$1(JRaftServer.java:277)
	at java.util.concurrent.Executors$RunnableAdapter.call(Executors.java:511)
	at java.util.concurrent.FutureTask.runAndReset(FutureTask.java:308)
	at java.util.concurrent.ScheduledThreadPoolExecutor$ScheduledFutureTask.access$301(ScheduledThreadPoolExecutor.java:180)
	at java.util.concurrent.ScheduledThreadPoolExecutor$ScheduledFutureTask.run(ScheduledThreadPoolExecutor.java:294)
	at java.util.concurrent.ThreadPoolExecutor.runWorker(ThreadPoolExecutor.java:1149)
	at java.util.concurrent.ThreadPoolExecutor$Worker.run(ThreadPoolExecutor.java:624)
	at java.lang.Thread.run(Thread.java:748)
2022-06-22 15:31:25,532 ERROR Fail to refresh raft metadata info for group : naming_persistent_service, error is : {}

java.util.concurrent.TimeoutException: null
	at com.alipay.sofa.jraft.rpc.impl.FutureImpl.get(FutureImpl.java:214)
	at com.alipay.sofa.jraft.RouteTable.refreshLeader(RouteTable.java:255)
	at com.alibaba.nacos.core.distributed.raft.JRaftServer.refreshRouteTable(JRaftServer.java:501)
	at com.alibaba.nacos.core.distributed.raft.JRaftServer.lambda$createMultiRaftGroup$1(JRaftServer.java:277)
	at java.util.concurrent.Executors$RunnableAdapter.call(Executors.java:511)
	at java.util.concurrent.FutureTask.runAndReset(FutureTask.java:308)
	at java.util.concurrent.ScheduledThreadPoolExecutor$ScheduledFutureTask.access$301(ScheduledThreadPoolExecutor.java:180)
	at java.util.concurrent.ScheduledThreadPoolExecutor$ScheduledFutureTask.run(ScheduledThreadPoolExecutor.java:294)
	at java.util.concurrent.ThreadPoolExecutor.runWorker(ThreadPoolExecutor.java:1149)
	at java.util.concurrent.ThreadPoolExecutor$Worker.run(ThreadPoolExecutor.java:624)
	at java.lang.Thread.run(Thread.java:748)
2022-06-22 15:31:35,559 ERROR Fail to refresh raft metadata info for group : naming_persistent_service, error is : {}

java.util.concurrent.TimeoutException: null
	at com.alipay.sofa.jraft.rpc.impl.FutureImpl.get(FutureImpl.java:214)
	at com.alipay.sofa.jraft.RouteTable.refreshLeader(RouteTable.java:255)
	at com.alibaba.nacos.core.distributed.raft.JRaftServer.refreshRouteTable(JRaftServer.java:501)
	at com.alibaba.nacos.core.distributed.raft.JRaftServer.lambda$createMultiRaftGroup$1(JRaftServer.java:277)
	at java.util.concurrent.Executors$RunnableAdapter.call(Executors.java:511)
	at java.util.concurrent.FutureTask.runAndReset(FutureTask.java:308)
	at java.util.concurrent.ScheduledThreadPoolExecutor$ScheduledFutureTask.access$301(ScheduledThreadPoolExecutor.java:180)
	at java.util.concurrent.ScheduledThreadPoolExecutor$ScheduledFutureTask.run(ScheduledThreadPoolExecutor.java:294)
	at java.util.concurrent.ThreadPoolExecutor.runWorker(ThreadPoolExecutor.java:1149)
	at java.util.concurrent.ThreadPoolExecutor$Worker.run(ThreadPoolExecutor.java:624)
	at java.lang.Thread.run(Thread.java:748)
2022-06-22 15:31:36,634 ERROR Fail to refresh leader for group : naming_persistent_service, status is : Status[UNKNOWN<-1>: io.grpc.StatusRuntimeException: UNAVAILABLE: io exception, io.grpc.StatusRuntimeException: UNAVAILABLE: io exception, Unknown leader]

2022-06-22 15:31:46,665 ERROR Fail to refresh route configuration for group : naming_persistent_service, status is : Status[UNKNOWN<-1>: Fail to get leader of group naming_persistent_service]

2022-06-22 15:31:56,684 ERROR Fail to refresh raft metadata info for group : naming_persistent_service, error is : {}

java.util.concurrent.TimeoutException: null
	at com.alipay.sofa.jraft.rpc.impl.FutureImpl.get(FutureImpl.java:214)
	at com.alipay.sofa.jraft.RouteTable.refreshLeader(RouteTable.java:255)
	at com.alibaba.nacos.core.distributed.raft.JRaftServer.refreshRouteTable(JRaftServer.java:501)
	at com.alibaba.nacos.core.distributed.raft.JRaftServer.lambda$createMultiRaftGroup$1(JRaftServer.java:277)
	at java.util.concurrent.Executors$RunnableAdapter.call(Executors.java:511)
	at java.util.concurrent.FutureTask.runAndReset(FutureTask.java:308)
	at java.util.concurrent.ScheduledThreadPoolExecutor$ScheduledFutureTask.access$301(ScheduledThreadPoolExecutor.java:180)
	at java.util.concurrent.ScheduledThreadPoolExecutor$ScheduledFutureTask.run(ScheduledThreadPoolExecutor.java:294)
	at java.util.concurrent.ThreadPoolExecutor.runWorker(ThreadPoolExecutor.java:1149)
	at java.util.concurrent.ThreadPoolExecutor$Worker.run(ThreadPoolExecutor.java:624)
	at java.lang.Thread.run(Thread.java:748)
2022-06-22 15:32:06,707 ERROR Fail to refresh raft metadata info for group : naming_persistent_service, error is : {}

java.util.concurrent.TimeoutException: null
	at com.alipay.sofa.jraft.rpc.impl.FutureImpl.get(FutureImpl.java:214)
	at com.alipay.sofa.jraft.RouteTable.refreshLeader(RouteTable.java:255)
	at com.alibaba.nacos.core.distributed.raft.JRaftServer.refreshRouteTable(JRaftServer.java:501)
	at com.alibaba.nacos.core.distributed.raft.JRaftServer.lambda$createMultiRaftGroup$1(JRaftServer.java:277)
	at java.util.concurrent.Executors$RunnableAdapter.call(Executors.java:511)
	at java.util.concurrent.FutureTask.runAndReset(FutureTask.java:308)
	at java.util.concurrent.ScheduledThreadPoolExecutor$ScheduledFutureTask.access$301(ScheduledThreadPoolExecutor.java:180)
	at java.util.concurrent.ScheduledThreadPoolExecutor$ScheduledFutureTask.run(ScheduledThreadPoolExecutor.java:294)
	at java.util.concurrent.ThreadPoolExecutor.runWorker(ThreadPoolExecutor.java:1149)
	at java.util.concurrent.ThreadPoolExecutor$Worker.run(ThreadPoolExecutor.java:624)
	at java.lang.Thread.run(Thread.java:748)
2022-06-22 15:32:16,715 ERROR Fail to refresh raft metadata info for group : naming_persistent_service, error is : {}

java.util.concurrent.TimeoutException: null
	at com.alipay.sofa.jraft.rpc.impl.FutureImpl.get(FutureImpl.java:214)
	at com.alipay.sofa.jraft.RouteTable.refreshLeader(RouteTable.java:255)
	at com.alibaba.nacos.core.distributed.raft.JRaftServer.refreshRouteTable(JRaftServer.java:501)
	at com.alibaba.nacos.core.distributed.raft.JRaftServer.lambda$createMultiRaftGroup$1(JRaftServer.java:277)
	at java.util.concurrent.Executors$RunnableAdapter.call(Executors.java:511)
	at java.util.concurrent.FutureTask.runAndReset(FutureTask.java:308)
	at java.util.concurrent.ScheduledThreadPoolExecutor$ScheduledFutureTask.access$301(ScheduledThreadPoolExecutor.java:180)
	at java.util.concurrent.ScheduledThreadPoolExecutor$ScheduledFutureTask.run(ScheduledThreadPoolExecutor.java:294)
	at java.util.concurrent.ThreadPoolExecutor.runWorker(ThreadPoolExecutor.java:1149)
	at java.util.concurrent.ThreadPoolExecutor$Worker.run(ThreadPoolExecutor.java:624)
	at java.lang.Thread.run(Thread.java:748)
2022-06-22 15:32:18,684 ERROR Fail to refresh leader for group : naming_persistent_service, status is : Status[UNKNOWN<-1>: io.grpc.StatusRuntimeException: UNAVAILABLE: io exception, io.grpc.StatusRuntimeException: UNAVAILABLE: io exception, Unknown leader]

2022-06-22 15:32:28,711 ERROR Fail to refresh raft metadata info for group : naming_persistent_service, error is : {}

java.util.concurrent.TimeoutException: null
	at com.alipay.sofa.jraft.rpc.impl.FutureImpl.get(FutureImpl.java:214)
	at com.alipay.sofa.jraft.RouteTable.refreshLeader(RouteTable.java:255)
	at com.alipay.sofa.jraft.RouteTable.refreshConfiguration(RouteTable.java:299)
	at com.alibaba.nacos.core.distributed.raft.JRaftServer.refreshRouteTable(JRaftServer.java:505)
	at com.alibaba.nacos.core.distributed.raft.JRaftServer.lambda$createMultiRaftGroup$1(JRaftServer.java:277)
	at java.util.concurrent.Executors$RunnableAdapter.call(Executors.java:511)
	at java.util.concurrent.FutureTask.runAndReset(FutureTask.java:308)
	at java.util.concurrent.ScheduledThreadPoolExecutor$ScheduledFutureTask.access$301(ScheduledThreadPoolExecutor.java:180)
	at java.util.concurrent.ScheduledThreadPoolExecutor$ScheduledFutureTask.run(ScheduledThreadPoolExecutor.java:294)
	at java.util.concurrent.ThreadPoolExecutor.runWorker(ThreadPoolExecutor.java:1149)
	at java.util.concurrent.ThreadPoolExecutor$Worker.run(ThreadPoolExecutor.java:624)
	at java.lang.Thread.run(Thread.java:748)
2022-06-22 15:32:38,728 ERROR Fail to refresh raft metadata info for group : naming_persistent_service, error is : {}

java.util.concurrent.TimeoutException: null
	at com.alipay.sofa.jraft.rpc.impl.FutureImpl.get(FutureImpl.java:214)
	at com.alipay.sofa.jraft.RouteTable.refreshLeader(RouteTable.java:255)
	at com.alibaba.nacos.core.distributed.raft.JRaftServer.refreshRouteTable(JRaftServer.java:501)
	at com.alibaba.nacos.core.distributed.raft.JRaftServer.lambda$createMultiRaftGroup$1(JRaftServer.java:277)
	at java.util.concurrent.Executors$RunnableAdapter.call(Executors.java:511)
	at java.util.concurrent.FutureTask.runAndReset(FutureTask.java:308)
	at java.util.concurrent.ScheduledThreadPoolExecutor$ScheduledFutureTask.access$301(ScheduledThreadPoolExecutor.java:180)
	at java.util.concurrent.ScheduledThreadPoolExecutor$ScheduledFutureTask.run(ScheduledThreadPoolExecutor.java:294)
	at java.util.concurrent.ThreadPoolExecutor.runWorker(ThreadPoolExecutor.java:1149)
	at java.util.concurrent.ThreadPoolExecutor$Worker.run(ThreadPoolExecutor.java:624)
	at java.lang.Thread.run(Thread.java:748)
2022-06-22 15:32:39,716 ERROR Fail to refresh leader for group : naming_persistent_service, status is : Status[UNKNOWN<-1>: io.grpc.StatusRuntimeException: UNAVAILABLE: io exception, io.grpc.StatusRuntimeException: UNAVAILABLE: io exception, Unknown leader]

2022-06-22 15:32:49,722 ERROR Fail to refresh raft metadata info for group : naming_persistent_service, error is : {}

java.util.concurrent.TimeoutException: null
	at com.alipay.sofa.jraft.rpc.impl.FutureImpl.get(FutureImpl.java:214)
	at com.alipay.sofa.jraft.RouteTable.refreshLeader(RouteTable.java:255)
	at com.alipay.sofa.jraft.RouteTable.refreshConfiguration(RouteTable.java:299)
	at com.alibaba.nacos.core.distributed.raft.JRaftServer.refreshRouteTable(JRaftServer.java:505)
	at com.alibaba.nacos.core.distributed.raft.JRaftServer.lambda$createMultiRaftGroup$1(JRaftServer.java:277)
	at java.util.concurrent.Executors$RunnableAdapter.call(Executors.java:511)
	at java.util.concurrent.FutureTask.runAndReset(FutureTask.java:308)
	at java.util.concurrent.ScheduledThreadPoolExecutor$ScheduledFutureTask.access$301(ScheduledThreadPoolExecutor.java:180)
	at java.util.concurrent.ScheduledThreadPoolExecutor$ScheduledFutureTask.run(ScheduledThreadPoolExecutor.java:294)
	at java.util.concurrent.ThreadPoolExecutor.runWorker(ThreadPoolExecutor.java:1149)
	at java.util.concurrent.ThreadPoolExecutor$Worker.run(ThreadPoolExecutor.java:624)
	at java.lang.Thread.run(Thread.java:748)
2022-06-22 15:32:59,733 ERROR Fail to refresh raft metadata info for group : naming_persistent_service, error is : {}

java.util.concurrent.TimeoutException: null
	at com.alipay.sofa.jraft.rpc.impl.FutureImpl.get(FutureImpl.java:214)
	at com.alipay.sofa.jraft.RouteTable.refreshLeader(RouteTable.java:255)
	at com.alibaba.nacos.core.distributed.raft.JRaftServer.refreshRouteTable(JRaftServer.java:501)
	at com.alibaba.nacos.core.distributed.raft.JRaftServer.lambda$createMultiRaftGroup$1(JRaftServer.java:277)
	at java.util.concurrent.Executors$RunnableAdapter.call(Executors.java:511)
	at java.util.concurrent.FutureTask.runAndReset(FutureTask.java:308)
	at java.util.concurrent.ScheduledThreadPoolExecutor$ScheduledFutureTask.access$301(ScheduledThreadPoolExecutor.java:180)
	at java.util.concurrent.ScheduledThreadPoolExecutor$ScheduledFutureTask.run(ScheduledThreadPoolExecutor.java:294)
	at java.util.concurrent.ThreadPoolExecutor.runWorker(ThreadPoolExecutor.java:1149)
	at java.util.concurrent.ThreadPoolExecutor$Worker.run(ThreadPoolExecutor.java:624)
	at java.lang.Thread.run(Thread.java:748)
2022-06-22 15:33:00,746 ERROR Fail to refresh leader for group : naming_persistent_service, status is : Status[UNKNOWN<-1>: io.grpc.StatusRuntimeException: UNAVAILABLE: io exception, io.grpc.StatusRuntimeException: UNAVAILABLE: io exception, Unknown leader]

2022-06-22 15:33:10,761 ERROR Fail to refresh route configuration for group : naming_persistent_service, status is : Status[UNKNOWN<-1>: Fail to get leader of group naming_persistent_service]

2022-06-22 15:33:20,797 ERROR Fail to refresh raft metadata info for group : naming_persistent_service, error is : {}

java.util.concurrent.TimeoutException: null
	at com.alipay.sofa.jraft.rpc.impl.FutureImpl.get(FutureImpl.java:214)
	at com.alipay.sofa.jraft.RouteTable.refreshLeader(RouteTable.java:255)
	at com.alibaba.nacos.core.distributed.raft.JRaftServer.refreshRouteTable(JRaftServer.java:501)
	at com.alibaba.nacos.core.distributed.raft.JRaftServer.lambda$createMultiRaftGroup$1(JRaftServer.java:277)
	at java.util.concurrent.Executors$RunnableAdapter.call(Executors.java:511)
	at java.util.concurrent.FutureTask.runAndReset(FutureTask.java:308)
	at java.util.concurrent.ScheduledThreadPoolExecutor$ScheduledFutureTask.access$301(ScheduledThreadPoolExecutor.java:180)
	at java.util.concurrent.ScheduledThreadPoolExecutor$ScheduledFutureTask.run(ScheduledThreadPoolExecutor.java:294)
	at java.util.concurrent.ThreadPoolExecutor.runWorker(ThreadPoolExecutor.java:1149)
	at java.util.concurrent.ThreadPoolExecutor$Worker.run(ThreadPoolExecutor.java:624)
	at java.lang.Thread.run(Thread.java:748)
2022-06-22 15:33:21,797 ERROR Fail to refresh leader for group : naming_persistent_service, status is : Status[UNKNOWN<-1>: io.grpc.StatusRuntimeException: UNAVAILABLE: io exception, io.grpc.StatusRuntimeException: UNAVAILABLE: io exception, Unknown leader]

2022-06-22 15:33:31,827 ERROR Fail to refresh raft metadata info for group : naming_persistent_service, error is : {}

java.util.concurrent.TimeoutException: null
	at com.alipay.sofa.jraft.rpc.impl.FutureImpl.get(FutureImpl.java:214)
	at com.alipay.sofa.jraft.RouteTable.refreshLeader(RouteTable.java:255)
	at com.alipay.sofa.jraft.RouteTable.refreshConfiguration(RouteTable.java:299)
	at com.alibaba.nacos.core.distributed.raft.JRaftServer.refreshRouteTable(JRaftServer.java:505)
	at com.alibaba.nacos.core.distributed.raft.JRaftServer.lambda$createMultiRaftGroup$1(JRaftServer.java:277)
	at java.util.concurrent.Executors$RunnableAdapter.call(Executors.java:511)
	at java.util.concurrent.FutureTask.runAndReset(FutureTask.java:308)
	at java.util.concurrent.ScheduledThreadPoolExecutor$ScheduledFutureTask.access$301(ScheduledThreadPoolExecutor.java:180)
	at java.util.concurrent.ScheduledThreadPoolExecutor$ScheduledFutureTask.run(ScheduledThreadPoolExecutor.java:294)
	at java.util.concurrent.ThreadPoolExecutor.runWorker(ThreadPoolExecutor.java:1149)
	at java.util.concurrent.ThreadPoolExecutor$Worker.run(ThreadPoolExecutor.java:624)
	at java.lang.Thread.run(Thread.java:748)
2022-06-22 15:34:58,608 INFO Initializes the Raft protocol, raft-config info : {}

2022-06-22 15:34:59,155 INFO ========= The raft protocol is starting... =========

2022-06-22 15:35:02,315 INFO ========= The raft protocol start finished... =========

2022-06-22 15:35:02,331 INFO create raft group : naming_persistent_service

2022-06-22 15:35:09,822 ERROR Fail to refresh leader for group : naming_persistent_service, status is : Status[UNKNOWN<-1>: io.grpc.StatusRuntimeException: UNAVAILABLE: io exception, Unknown leader]

2022-06-22 15:35:11,619 ERROR Fail to refresh route configuration for group : naming_persistent_service, status is : Status[UNKNOWN<-1>: Fail to get leader of group naming_persistent_service]

2022-06-22 15:35:17,303 ERROR Fail to refresh leader for group : naming_persistent_service, status is : Status[UNKNOWN<-1>: io.grpc.StatusRuntimeException: UNAVAILABLE: io exception, Unknown leader]

2022-06-22 15:35:17,319 ERROR Fail to refresh route configuration for group : naming_persistent_service, status is : Status[UNKNOWN<-1>: Fail to get leader of group naming_persistent_service]

2022-06-22 15:35:22,105 INFO This Raft event changes : RaftEvent{groupId='naming_persistent_service', leader='192.168.1.107:7847', term=1, raftClusterInfo=[192.168.1.107:7848, 192.168.1.107:7847]}

