2022-06-20 15:45:12,472 INFO raft peers changed: [Member{ip='192.168.1.105', port=8848, state=UP, extendInfo={raftPort=7848}}]

2022-06-20 15:45:12,540 INFO initializing Raft sub-system

2022-06-20 15:45:12,923 INFO finish loading all datums, size: 6 cost 383 ms.

2022-06-20 15:45:12,928 INFO cache loaded, datum count: 6, current term: 0

2022-06-20 15:45:12,928 INFO finish to load data from disk, cost: 388 ms.

2022-06-20 15:45:12,938 INFO timer started: leader timeout ms: 15000, heart-beat timeout ms: 5000

2022-06-20 15:45:16,637 INFO add listener: com.alibaba.nacos.naming.domains.meta.00-00---000-NACOS_SWITCH_DOMAIN-000---00-00

2022-06-20 15:45:17,437 WARN start to close old raft protocol!!!

2022-06-20 15:45:17,437 WARN stop old raft protocol task for notifier

2022-06-20 15:45:17,437 WARN stop old raft protocol task for master task

2022-06-20 15:45:17,437 WARN stop old raft protocol task for heartbeat task

2022-06-20 15:45:17,437 WARN clean old cache datum for old raft

2022-06-20 15:45:17,437 WARN start to close old raft protocol!!!

2022-06-20 15:45:17,437 WARN stop old raft protocol task for notifier

2022-06-20 15:45:17,437 WARN stop old raft protocol task for master task

2022-06-20 15:45:17,437 WARN stop old raft protocol task for heartbeat task

2022-06-20 15:45:17,437 WARN clean old cache datum for old raft

2022-06-20 15:45:17,437 WARN start to move old raft protocol metadata

2022-06-20 15:45:17,458 INFO add listener: com.alibaba.nacos.naming.domains.meta.

2022-06-20 15:45:17,503 WARN start to move old raft protocol metadata

2022-06-20 15:45:17,504 INFO raft peers changed: [Member{ip='192.168.1.105', port=8848, state=UP, extendInfo={lastRefreshTime=1655711117503, raftPort=7848, version=1.4.3}}]

2022-06-20 16:16:29,181 INFO add listener: com.alibaba.nacos.naming.iplist.public##DEFAULT_GROUP@@user-service

2022-06-20 16:16:29,649 INFO [RAFT-NOTIFIER] datum is changed, key: com.alibaba.nacos.naming.domains.meta.public##DEFAULT_GROUP@@user-service, value: Service{name='DEFAULT_GROUP@@user-service', protectThreshold=0.0, appName='null', groupName='DEFAULT_GROUP', metadata={}}

2022-06-20 16:16:29,665 INFO add listener: com.alibaba.nacos.naming.iplist.public##DEFAULT_GROUP@@user-service

2022-06-20 16:28:59,962 INFO add listener: com.alibaba.nacos.naming.iplist.public##DEFAULT_GROUP@@book-service

2022-06-20 16:28:59,978 INFO [RAFT-NOTIFIER] datum is changed, key: com.alibaba.nacos.naming.domains.meta.public##DEFAULT_GROUP@@book-service, value: Service{name='DEFAULT_GROUP@@book-service', protectThreshold=0.0, appName='null', groupName='DEFAULT_GROUP', metadata={}}

2022-06-20 16:28:59,978 INFO add listener: com.alibaba.nacos.naming.iplist.public##DEFAULT_GROUP@@book-service

2022-06-20 16:40:42,717 INFO [RAFT-NOTIFIER] datum is deleted, key: com.alibaba.nacos.naming.domains.meta.public##DEFAULT_GROUP@@book-service

2022-06-20 16:40:44,943 INFO [RAFT-NOTIFIER] datum is deleted, key: com.alibaba.nacos.naming.domains.meta.public##DEFAULT_GROUP@@user-service

2022-06-20 16:41:12,135 INFO add listener: com.alibaba.nacos.naming.iplist.public##DEFAULT_GROUP@@user-service

2022-06-20 16:41:12,135 INFO [RAFT-NOTIFIER] datum is changed, key: com.alibaba.nacos.naming.domains.meta.public##DEFAULT_GROUP@@user-service, value: Service{name='DEFAULT_GROUP@@user-service', protectThreshold=0.0, appName='null', groupName='DEFAULT_GROUP', metadata={}}

2022-06-20 16:41:12,151 INFO add listener: com.alibaba.nacos.naming.iplist.public##DEFAULT_GROUP@@user-service

2022-06-20 16:41:46,391 INFO add listener: com.alibaba.nacos.naming.iplist.public##DEFAULT_GROUP@@book-service

2022-06-20 16:41:46,391 INFO [RAFT-NOTIFIER] datum is changed, key: com.alibaba.nacos.naming.domains.meta.public##DEFAULT_GROUP@@book-service, value: Service{name='DEFAULT_GROUP@@book-service', protectThreshold=0.0, appName='null', groupName='DEFAULT_GROUP', metadata={}}

2022-06-20 16:41:46,406 INFO add listener: com.alibaba.nacos.naming.iplist.public##DEFAULT_GROUP@@book-service

2022-06-20 16:44:12,285 INFO add listener: com.alibaba.nacos.naming.iplist.public##DEFAULT_GROUP@@borrow-service

2022-06-20 16:44:12,316 INFO [RAFT-NOTIFIER] datum is changed, key: com.alibaba.nacos.naming.domains.meta.public##DEFAULT_GROUP@@borrow-service, value: Service{name='DEFAULT_GROUP@@borrow-service', protectThreshold=0.0, appName='null', groupName='DEFAULT_GROUP', metadata={}}

2022-06-20 16:44:12,332 INFO add listener: com.alibaba.nacos.naming.iplist.public##DEFAULT_GROUP@@borrow-service

2022-06-20 16:51:57,261 INFO add listener: com.alibaba.nacos.naming.iplist.5de095b8-bae0-427b-919a-3d65b8beba6b##DEFAULT_GROUP@@user-service

2022-06-20 16:51:57,267 INFO [RAFT-NOTIFIER] datum is changed, key: com.alibaba.nacos.naming.domains.meta.5de095b8-bae0-427b-919a-3d65b8beba6b##DEFAULT_GROUP@@user-service, value: Service{name='DEFAULT_GROUP@@user-service', protectThreshold=0.0, appName='null', groupName='DEFAULT_GROUP', metadata={}}

2022-06-20 16:51:57,267 INFO add listener: com.alibaba.nacos.naming.iplist.5de095b8-bae0-427b-919a-3d65b8beba6b##DEFAULT_GROUP@@user-service

2022-06-20 16:53:22,731 INFO add listener: com.alibaba.nacos.naming.iplist.5de095b8-bae0-427b-919a-3d65b8beba6b##DEFAULT_GROUP@@book-service

2022-06-20 16:53:22,754 INFO [RAFT-NOTIFIER] datum is changed, key: com.alibaba.nacos.naming.domains.meta.5de095b8-bae0-427b-919a-3d65b8beba6b##DEFAULT_GROUP@@book-service, value: Service{name='DEFAULT_GROUP@@book-service', protectThreshold=0.0, appName='null', groupName='DEFAULT_GROUP', metadata={}}

2022-06-20 16:53:22,769 INFO add listener: com.alibaba.nacos.naming.iplist.5de095b8-bae0-427b-919a-3d65b8beba6b##DEFAULT_GROUP@@book-service

2022-06-20 16:55:06,981 INFO [RAFT-NOTIFIER] datum is deleted, key: com.alibaba.nacos.naming.domains.meta.public##DEFAULT_GROUP@@book-service

2022-06-20 16:55:09,342 INFO [RAFT-NOTIFIER] datum is deleted, key: com.alibaba.nacos.naming.domains.meta.public##DEFAULT_GROUP@@borrow-service

2022-06-20 16:55:11,041 INFO [RAFT-NOTIFIER] datum is deleted, key: com.alibaba.nacos.naming.domains.meta.public##DEFAULT_GROUP@@user-service

2022-06-20 16:55:45,253 INFO add listener: com.alibaba.nacos.naming.iplist.public##DEFAULT_GROUP@@borrow-service

2022-06-20 16:55:45,253 INFO [RAFT-NOTIFIER] datum is changed, key: com.alibaba.nacos.naming.domains.meta.public##DEFAULT_GROUP@@borrow-service, value: Service{name='DEFAULT_GROUP@@borrow-service', protectThreshold=0.0, appName='null', groupName='DEFAULT_GROUP', metadata={}}

2022-06-20 16:55:45,269 INFO add listener: com.alibaba.nacos.naming.iplist.public##DEFAULT_GROUP@@borrow-service

2022-06-20 16:57:46,496 INFO add listener: com.alibaba.nacos.naming.iplist.5de095b8-bae0-427b-919a-3d65b8beba6b##DEFAULT_GROUP@@borrow-service

2022-06-20 16:57:46,498 INFO [RAFT-NOTIFIER] datum is changed, key: com.alibaba.nacos.naming.domains.meta.5de095b8-bae0-427b-919a-3d65b8beba6b##DEFAULT_GROUP@@borrow-service, value: Service{name='DEFAULT_GROUP@@borrow-service', protectThreshold=0.0, appName='null', groupName='DEFAULT_GROUP', metadata={}}

2022-06-20 16:57:46,503 INFO add listener: com.alibaba.nacos.naming.iplist.5de095b8-bae0-427b-919a-3d65b8beba6b##DEFAULT_GROUP@@borrow-service

2022-07-13 15:15:00,360 INFO raft peers changed: [Member{ip='192.168.56.1', port=8848, state=UP, extendInfo={raftPort=7848}}]

2022-07-13 15:15:00,438 INFO initializing Raft sub-system

2022-07-13 15:15:01,313 INFO finish loading all datums, size: 8 cost 875 ms.

2022-07-13 15:15:01,313 INFO cache loaded, datum count: 8, current term: 0

2022-07-13 15:15:01,313 INFO finish to load data from disk, cost: 875 ms.

2022-07-13 15:15:01,345 INFO timer started: leader timeout ms: 15000, heart-beat timeout ms: 5000

2022-07-13 15:15:05,512 WARN start to close old raft protocol!!!

2022-07-13 15:15:05,512 WARN stop old raft protocol task for notifier

2022-07-13 15:15:05,512 WARN stop old raft protocol task for master task

2022-07-13 15:15:05,512 WARN stop old raft protocol task for heartbeat task

2022-07-13 15:15:05,512 WARN clean old cache datum for old raft

2022-07-13 15:15:05,512 WARN start to close old raft protocol!!!

2022-07-13 15:15:05,512 WARN stop old raft protocol task for notifier

2022-07-13 15:15:05,512 WARN stop old raft protocol task for master task

2022-07-13 15:15:05,512 WARN stop old raft protocol task for heartbeat task

2022-07-13 15:15:05,512 WARN clean old cache datum for old raft

2022-07-13 15:15:05,512 WARN start to move old raft protocol metadata

2022-07-13 15:15:05,605 WARN start to move old raft protocol metadata

2022-07-13 15:15:05,605 INFO raft peers changed: [Member{ip='192.168.56.1', port=8848, state=UP, extendInfo={lastRefreshTime=1657696505605, raftPort=7848, version=1.4.3}}]

2022-07-13 15:15:06,181 INFO add listener: com.alibaba.nacos.naming.domains.meta.00-00---000-NACOS_SWITCH_DOMAIN-000---00-00

2022-07-13 15:15:06,963 INFO add listener: com.alibaba.nacos.naming.domains.meta.

2022-07-13 15:54:34,914 INFO add listener: com.alibaba.nacos.naming.iplist.public##DEFAULT_GROUP@@outh-service

2022-07-13 15:54:35,110 INFO [RAFT-NOTIFIER] datum is changed, key: com.alibaba.nacos.naming.domains.meta.public##DEFAULT_GROUP@@outh-service, value: Service{name='DEFAULT_GROUP@@outh-service', protectThreshold=0.0, appName='null', groupName='DEFAULT_GROUP', metadata={}}

2022-07-13 15:54:35,219 INFO add listener: com.alibaba.nacos.naming.iplist.public##DEFAULT_GROUP@@outh-service

2022-07-13 15:54:43,896 INFO add listener: com.alibaba.nacos.naming.iplist.public##DEFAULT_GROUP@@book-service

2022-07-13 15:54:43,896 INFO [RAFT-NOTIFIER] datum is changed, key: com.alibaba.nacos.naming.domains.meta.public##DEFAULT_GROUP@@book-service, value: Service{name='DEFAULT_GROUP@@book-service', protectThreshold=0.0, appName='null', groupName='DEFAULT_GROUP', metadata={}}

2022-07-13 15:54:43,896 INFO add listener: com.alibaba.nacos.naming.iplist.public##DEFAULT_GROUP@@book-service

