2022-06-20 15:45:49,062 INFO PERFORMANCE:|0|0|-1|-1

2022-06-20 15:50:49,080 INFO PERFORMANCE:|0|0|-1|-1

2022-06-20 15:55:49,088 INFO PERFORMANCE:|0|0|-1|-1

2022-06-20 16:00:49,091 INFO PERFORMANCE:|0|0|-1|-1

2022-06-20 16:05:49,094 INFO PERFORMANCE:|0|0|-1|-1

2022-06-20 16:10:49,096 INFO PERFORMANCE:|0|0|-1|-1

2022-06-20 16:15:49,110 INFO PERFORMANCE:|0|0|-1|-1

2022-06-20 16:20:49,114 INFO PERFORMANCE:|1|3|-1|-1

2022-06-20 16:25:49,123 INFO PERFORMANCE:|1|3|-1|-1

2022-06-20 16:30:49,125 INFO PERFORMANCE:|2|6|-1|-1

2022-06-20 16:35:49,129 INFO PERFORMANCE:|2|7|-1|-1

2022-06-20 16:40:49,130 INFO PERFORMANCE:|0|0|-1|-1

2022-06-20 16:45:49,139 INFO PERFORMANCE:|3|5|-1|-1

2022-06-20 16:50:49,157 INFO PERFORMANCE:|3|5|-1|-1

2022-06-20 16:55:49,158 INFO PERFORMANCE:|3|4|5|3

2022-06-20 17:00:49,163 INFO PERFORMANCE:|4|5|-1|-1

2022-06-20 17:05:49,166 INFO PERFORMANCE:|4|5|-1|-1

2022-06-20 17:10:49,168 INFO PERFORMANCE:|4|5|-1|-1

2022-06-20 17:15:49,169 INFO PERFORMANCE:|4|5|-1|-1

2022-06-20 17:20:49,170 INFO PERFORMANCE:|4|5|-1|-1

